Session started 2025-10-15T12:54:07.741937 manual_confirm=True max_profiles=1
[2025-10-15 12:54:07.742] Manual confirmation mode enabled; every step requires approval and is logged.
[2025-10-15 12:54:07.751] BEGIN initialize_session_node idx=0 likes=0 comments=0 errors=0
[2025-10-15 12:54:16.259] CONFIRM initialize_session_node -> YES
[2025-10-15 12:54:28.055] END initialize_session_node action_successful=True likes=0 comments=0 errors=0
[2025-10-15 12:54:28.058] BEGIN ai_decide_action_node idx=0 likes=0 comments=0 errors=0
[2025-10-15 12:54:34.535] CONFIRM ai_decide_action_node -> YES
[2025-10-15 12:54:36.467] END ai_decide_action_node action_successful=True likes=0 comments=0 errors=0
[2025-10-15 12:54:36.469] BEGIN capture_screenshot_node idx=0 likes=0 comments=0 errors=0
[2025-10-15 12:54:45.133] CONFIRM capture_screenshot_node -> YES
[2025-10-15 12:54:46.547] END capture_screenshot_node action_successful=True likes=0 comments=0 errors=0
[2025-10-15 12:54:46.549] BEGIN ai_decide_action_node idx=0 likes=0 comments=0 errors=0
[2025-10-15 12:54:49.203] CONFIRM ai_decide_action_node -> YES
[2025-10-15 12:55:02.096] END ai_decide_action_node action_successful=True likes=0 comments=0 errors=0
[2025-10-15 12:55:02.098] BEGIN analyze_profile_node idx=0 likes=0 comments=0 errors=0
[2025-10-15 12:55:04.527] CONFIRM analyze_profile_node -> YES
[2025-10-15 12:55:45.035] END analyze_profile_node action_successful=True likes=0 comments=0 errors=0
[2025-10-15 12:55:45.036] BEGIN ai_decide_action_node idx=0 likes=0 comments=0 errors=0
[2025-10-15 12:55:52.452] CONFIRM ai_decide_action_node -> YES
[2025-10-15 12:56:08.384] END ai_decide_action_node action_successful=True likes=0 comments=0 errors=0
[2025-10-15 12:56:08.386] BEGIN make_like_decision_node idx=0 likes=0 comments=0 errors=0
[2025-10-15 12:56:13.358] CONFIRM make_like_decision_node -> YES
[2025-10-15 12:56:13.359] END make_like_decision_node action_successful=True likes=0 comments=0 errors=0
[2025-10-15 12:56:13.360] BEGIN ai_decide_action_node idx=0 likes=0 comments=0 errors=0
[2025-10-15 12:56:20.451] CONFIRM ai_decide_action_node -> YES
[2025-10-15 12:56:37.475] END ai_decide_action_node action_successful=True likes=0 comments=0 errors=0
[2025-10-15 12:56:37.476] BEGIN detect_like_button_node idx=0 likes=0 comments=0 errors=0
[2025-10-15 12:56:42.814] CONFIRM detect_like_button_node -> YES
[2025-10-15 12:56:44.480] END detect_like_button_node action_successful=True likes=0 comments=0 errors=0
[2025-10-15 12:56:44.481] BEGIN ai_decide_action_node idx=0 likes=0 comments=0 errors=0
[2025-10-15 12:56:48.327] CONFIRM ai_decide_action_node -> YES
[2025-10-15 12:57:03.969] END ai_decide_action_node action_successful=True likes=0 comments=0 errors=0
[2025-10-15 12:57:03.970] BEGIN execute_like_node idx=0 likes=0 comments=0 errors=0
[2025-10-15 12:57:07.452] CONFIRM execute_like_node -> YES
[2025-10-15 12:57:22.863] END execute_like_node action_successful=True likes=0 comments=0 errors=0
[2025-10-15 12:57:22.864] BEGIN ai_decide_action_node idx=0 likes=0 comments=0 errors=0
[2025-10-15 12:57:25.322] CONFIRM ai_decide_action_node -> YES
[2025-10-15 12:57:40.210] END ai_decide_action_node action_successful=True likes=0 comments=0 errors=0
[2025-10-15 12:57:40.211] BEGIN send_comment_with_typing_node idx=0 likes=0 comments=0 errors=0
[2025-10-15 12:57:48.316] CONFIRM send_comment_with_typing_node -> YES
[2025-10-15 12:57:48.318] END send_comment_with_typing_node action_successful=False likes=0 comments=0 errors=0
[2025-10-15 12:57:48.320] BEGIN ai_decide_action_node idx=0 likes=0 comments=0 errors=0
[2025-10-15 12:57:53.175] CONFIRM ai_decide_action_node -> YES
[2025-10-15 12:58:09.290] END ai_decide_action_node action_successful=True likes=0 comments=0 errors=0
[2025-10-15 12:58:09.292] BEGIN execute_like_node idx=0 likes=0 comments=0 errors=0
[2025-10-15 12:58:20.043] CONFIRM execute_like_node -> NO
[2025-10-15 12:58:20.044] ABORTED execute_like_node
[2025-10-15 12:58:20.046] BEGIN finalize_session_node idx=0 likes=0 comments=0 errors=0
