Session started 2025-10-15T13:05:21.393534 manual_confirm=True max_profiles=1
[2025-10-15 13:05:21.394] Manual confirmation mode enabled; every step requires approval and is logged.
[2025-10-15 13:05:21.404] BEGIN initialize_session_node idx=0 likes=0 comments=0 errors=0
[2025-10-15 13:05:51.568] CONFIRM initialize_session_node -> YES
[2025-10-15 13:06:03.437] END initialize_session_node action_successful=True likes=0 comments=0 errors=0
[2025-10-15 13:06:03.439] BEGIN ai_decide_action_node idx=0 likes=0 comments=0 errors=0
[2025-10-15 13:06:07.994] CONFIRM ai_decide_action_node -> YES
[2025-10-15 13:06:10.746] END ai_decide_action_node action_successful=True likes=0 comments=0 errors=0
[2025-10-15 13:06:10.747] BEGIN capture_screenshot_node idx=0 likes=0 comments=0 errors=0
[2025-10-15 13:06:29.868] CONFIRM capture_screenshot_node -> YES
[2025-10-15 13:06:31.148] END capture_screenshot_node action_successful=True likes=0 comments=0 errors=0
[2025-10-15 13:06:31.149] BEGIN ai_decide_action_node idx=0 likes=0 comments=0 errors=0
[2025-10-15 13:06:33.396] CONFIRM ai_decide_action_node -> YES
[2025-10-15 13:06:48.712] END ai_decide_action_node action_successful=True likes=0 comments=0 errors=0
[2025-10-15 13:06:48.715] BEGIN analyze_profile_node idx=0 likes=0 comments=0 errors=0
[2025-10-15 13:06:57.992] CONFIRM analyze_profile_node -> YES
[2025-10-15 13:07:46.695] END analyze_profile_node action_successful=True likes=0 comments=0 errors=0
[2025-10-15 13:07:46.697] BEGIN ai_decide_action_node idx=0 likes=0 comments=0 errors=0
[2025-10-15 13:07:56.878] CONFIRM ai_decide_action_node -> YES
[2025-10-15 13:08:12.472] END ai_decide_action_node action_successful=True likes=0 comments=0 errors=0
[2025-10-15 13:08:12.474] BEGIN make_like_decision_node idx=0 likes=0 comments=0 errors=0
[2025-10-15 13:08:16.545] CONFIRM make_like_decision_node -> YES
[2025-10-15 13:08:16.546] END make_like_decision_node action_successful=True likes=0 comments=0 errors=0
[2025-10-15 13:08:16.548] BEGIN ai_decide_action_node idx=0 likes=0 comments=0 errors=0
[2025-10-15 13:08:20.437] CONFIRM ai_decide_action_node -> YES
[2025-10-15 13:08:35.482] END ai_decide_action_node action_successful=True likes=0 comments=0 errors=0
[2025-10-15 13:08:35.486] BEGIN detect_like_button_node idx=0 likes=0 comments=0 errors=0
[2025-10-15 13:08:41.857] CONFIRM detect_like_button_node -> YES
[2025-10-15 13:08:43.466] END detect_like_button_node action_successful=True likes=0 comments=0 errors=0
[2025-10-15 13:08:43.467] BEGIN ai_decide_action_node idx=0 likes=0 comments=0 errors=0
[2025-10-15 13:08:48.452] CONFIRM ai_decide_action_node -> YES
[2025-10-15 13:09:01.867] END ai_decide_action_node action_successful=True likes=0 comments=0 errors=0
[2025-10-15 13:09:01.870] BEGIN detect_like_button_node idx=0 likes=0 comments=0 errors=0
[2025-10-15 13:09:06.922] CONFIRM detect_like_button_node -> YES
[2025-10-15 13:09:07.981] END detect_like_button_node action_successful=True likes=0 comments=0 errors=0
[2025-10-15 13:09:07.982] BEGIN ai_decide_action_node idx=0 likes=0 comments=0 errors=0
[2025-10-15 13:09:11.224] CONFIRM ai_decide_action_node -> YES
[2025-10-15 13:09:26.498] END ai_decide_action_node action_successful=True likes=0 comments=0 errors=0
[2025-10-15 13:09:26.499] BEGIN detect_like_button_node idx=0 likes=0 comments=0 errors=0
[2025-10-15 13:09:34.463] CONFIRM detect_like_button_node -> YES
[2025-10-15 13:09:35.758] END detect_like_button_node action_successful=True likes=0 comments=0 errors=0
[2025-10-15 13:09:35.760] BEGIN ai_decide_action_node idx=0 likes=0 comments=0 errors=0
[2025-10-15 13:09:44.096] CONFIRM ai_decide_action_node -> YES
[2025-10-15 13:09:58.337] END ai_decide_action_node action_successful=True likes=0 comments=0 errors=0
[2025-10-15 13:09:58.338] BEGIN detect_like_button_node idx=0 likes=0 comments=0 errors=0
[2025-10-15 13:10:02.121] CONFIRM detect_like_button_node -> NO
[2025-10-15 13:10:02.122] ABORTED detect_like_button_node
[2025-10-15 13:10:02.124] BEGIN finalize_session_node idx=0 likes=0 comments=0 errors=0
